This is pdfTeX, Version 3.14159265-2.6-1.40.17 (TeX Live 2016) (preloaded format=latex 2017.5.1)  22 MAR 2018 22:57
entering extended mode
 restricted \write18 enabled.
 %&-line parsing enabled.
**main_8cpp.tex
(./main_8cpp.tex
LaTeX2e <2017/01/01> patch level 3
Babel <3.9r> and hyphenation patterns for 83 language(s) loaded.
! Undefined control sequence.
l.1 \hypertarget
                {main_8cpp}{}\section{main.\+cpp File Reference}
The control sequence at the end of the top line
of your error message was never \def'ed. If you have
misspelled it (e.g., `\hobx'), type `I' and the correct
spelling (e.g., `I\hbox'). Otherwise just continue,
and I'll forget about whatever was undefined.


! LaTeX Error: Missing \begin{document}.

See the LaTeX manual or LaTeX Companion for explanation.
Type  H <return>  for immediate help.
 ...                                              
                                                  
l.1 \hypertarget{m
                  ain_8cpp}{}\section{main.\+cpp File Reference}
You're in trouble here.  Try typing  <return>  to proceed.
If that doesn't work, type  X <return>  to quit.

Missing character: There is no m in font nullfont!
Missing character: There is no a in font nullfont!
Missing character: There is no i in font nullfont!
Missing character: There is no n in font nullfont!
! Missing $ inserted.
<inserted text> 
                $
l.1 \hypertarget{main_
                      8cpp}{}\section{main.\+cpp File Reference}
I've inserted a begin-math/end-math symbol since I think
you left one out. Proceed, with fingers crossed.

LaTeX Font Info:    External font `cmex10' loaded for size
(Font)              <7> on input line 1.
LaTeX Font Info:    External font `cmex10' loaded for size
(Font)              <5> on input line 1.
! Extra }, or forgotten $.
l.1 \hypertarget{main_8cpp}
                           {}\section{main.\+cpp File Reference}
I've deleted a group-closing symbol because it seems to be
spurious, as in `$x}$'. But perhaps the } is legitimate and
you forgot something else, as in `\hbox{$x}'. In such cases
the way to recover is to insert both the forgotten and the
deleted material, e.g., by typing `I$}'.

! Undefined control sequence.
l.1 \hypertarget{main_8cpp}{}\section
                                     {main.\+cpp File Reference}
The control sequence at the end of the top line
of your error message was never \def'ed. If you have
misspelled it (e.g., `\hobx'), type `I' and the correct
spelling (e.g., `I\hbox'). Otherwise just continue,
and I'll forget about whatever was undefined.

! Undefined control sequence.
l.1 \hypertarget{main_8cpp}{}\section{main.\+
                                             cpp File Reference}
The control sequence at the end of the top line
of your error message was never \def'ed. If you have
misspelled it (e.g., `\hobx'), type `I' and the correct
spelling (e.g., `I\hbox'). Otherwise just continue,
and I'll forget about whatever was undefined.


! LaTeX Error: Command \ttfamily invalid in math mode.

See the LaTeX manual or LaTeX Companion for explanation.
Type  H <return>  for immediate help.
 ...                                              
                                                  
l.3 {\ttfamily
               \#include $<$iostream$>$}\newline
Please use the math alphabet \mathtt instead of the \ttfamily command. 

! Missing } inserted.
<inserted text> 
                }
l.3 {\ttfamily \#include $
                          <$iostream$>$}\newline
I've inserted something that you may have forgotten.
(See the <inserted text> above.)
With luck, this will get me unwedged. But if you
really didn't forget anything, try typing `2' now; then
my insertion and my current dilemma will both disappear.

Missing character: There is no < in font nullfont!
Missing character: There is no > in font nullfont!
! Extra }, or forgotten $.
<recently read> }
                 
l.3 {\ttfamily \#include $<$iostream$>$}
                                        \newline
I've deleted a group-closing symbol because it seems to be
spurious, as in `$x}$'. But perhaps the } is legitimate and
you forgot something else, as in `\hbox{$x}'. In such cases
the way to recover is to insert both the forgotten and the
deleted material, e.g., by typing `I$}'.


! LaTeX Error: Command \ttfamily invalid in math mode.

See the LaTeX manual or LaTeX Companion for explanation.
Type  H <return>  for immediate help.
 ...                                              
                                                  
l.4 {\ttfamily
               \#include $<$cmath$>$}\newline
Please use the math alphabet \mathtt instead of the \ttfamily command. 

! Missing } inserted.
<inserted text> 
                }
l.4 {\ttfamily \#include $
                          <$cmath$>$}\newline
I've inserted something that you may have forgotten.
(See the <inserted text> above.)
With luck, this will get me unwedged. But if you
really didn't forget anything, try typing `2' now; then
my insertion and my current dilemma will both disappear.

Missing character: There is no < in font nullfont!
Missing character: There is no > in font nullfont!
! Extra }, or forgotten $.
<recently read> }
                 
l.4 {\ttfamily \#include $<$cmath$>$}
                                     \newline
I've deleted a group-closing symbol because it seems to be
spurious, as in `$x}$'. But perhaps the } is legitimate and
you forgot something else, as in `\hbox{$x}'. In such cases
the way to recover is to insert both the forgotten and the
deleted material, e.g., by typing `I$}'.


! LaTeX Error: Command \ttfamily invalid in math mode.

See the LaTeX manual or LaTeX Companion for explanation.
Type  H <return>  for immediate help.
 ...                                              
                                                  
l.5 {\ttfamily
               \#include $<$iomanip$>$}\newline
Please use the math alphabet \mathtt instead of the \ttfamily command. 

! Missing } inserted.
<inserted text> 
                }
l.5 {\ttfamily \#include $
                          <$iomanip$>$}\newline
I've inserted something that you may have forgotten.
(See the <inserted text> above.)
With luck, this will get me unwedged. But if you
really didn't forget anything, try typing `2' now; then
my insertion and my current dilemma will both disappear.

Missing character: There is no < in font nullfont!
Missing character: There is no > in font nullfont!
! Extra }, or forgotten $.
<recently read> }
                 
l.5 {\ttfamily \#include $<$iomanip$>$}
                                       \newline
I've deleted a group-closing symbol because it seems to be
spurious, as in `$x}$'. But perhaps the } is legitimate and
you forgot something else, as in `\hbox{$x}'. In such cases
the way to recover is to insert both the forgotten and the
deleted material, e.g., by typing `I$}'.


! LaTeX Error: Command \ttfamily invalid in math mode.

See the LaTeX manual or LaTeX Companion for explanation.
Type  H <return>  for immediate help.
 ...                                              
                                                  
l.6 {\ttfamily
               \#include $<$valarray$>$}\newline
Please use the math alphabet \mathtt instead of the \ttfamily command. 

! Missing } inserted.
<inserted text> 
                }
l.6 {\ttfamily \#include $
                          <$valarray$>$}\newline
I've inserted something that you may have forgotten.
(See the <inserted text> above.)
With luck, this will get me unwedged. But if you
really didn't forget anything, try typing `2' now; then
my insertion and my current dilemma will both disappear.

Missing character: There is no < in font nullfont!
Missing character: There is no > in font nullfont!
! Extra }, or forgotten $.
<recently read> }
                 
l.6 {\ttfamily \#include $<$valarray$>$}
                                        \newline
I've deleted a group-closing symbol because it seems to be
spurious, as in `$x}$'. But perhaps the } is legitimate and
you forgot something else, as in `\hbox{$x}'. In such cases
the way to recover is to insert both the forgotten and the
deleted material, e.g., by typing `I$}'.


! LaTeX Error: Command \ttfamily invalid in math mode.

See the LaTeX manual or LaTeX Companion for explanation.
Type  H <return>  for immediate help.
 ...                                              
                                                  
l.7 {\ttfamily
               \#include $<$fstream$>$}\newline
Please use the math alphabet \mathtt instead of the \ttfamily command. 

! Missing } inserted.
<inserted text> 
                }
l.7 {\ttfamily \#include $
                          <$fstream$>$}\newline
I've inserted something that you may have forgotten.
(See the <inserted text> above.)
With luck, this will get me unwedged. But if you
really didn't forget anything, try typing `2' now; then
my insertion and my current dilemma will both disappear.

Missing character: There is no < in font nullfont!
Missing character: There is no > in font nullfont!
! Extra }, or forgotten $.
<recently read> }
                 
l.7 {\ttfamily \#include $<$fstream$>$}
                                       \newline
I've deleted a group-closing symbol because it seems to be
spurious, as in `$x}$'. But perhaps the } is legitimate and
you forgot something else, as in `\hbox{$x}'. In such cases
the way to recover is to insert both the forgotten and the
deleted material, e.g., by typing `I$}'.


! LaTeX Error: Command \ttfamily invalid in math mode.

See the LaTeX manual or LaTeX Companion for explanation.
Type  H <return>  for immediate help.
 ...                                              
                                                  
l.8 {\ttfamily
               \#include \char`\"{}cblas.\+h\char`\"{}}\newline
Please use the math alphabet \mathtt instead of the \ttfamily command. 

! Undefined control sequence.
l.8 {\ttfamily \#include \char`\"{}cblas.\+
                                           h\char`\"{}}\newline
The control sequence at the end of the top line
of your error message was never \def'ed. If you have
misspelled it (e.g., `\hobx'), type `I' and the correct
spelling (e.g., `I\hbox'). Otherwise just continue,
and I'll forget about whatever was undefined.


! LaTeX Error: Command \ttfamily invalid in math mode.

See the LaTeX manual or LaTeX Companion for explanation.
Type  H <return>  for immediate help.
 ...                                              
                                                  
l.9 {\ttfamily
               \#include $<$limits$>$}\newline
Please use the math alphabet \mathtt instead of the \ttfamily command. 

! Missing } inserted.
<inserted text> 
                }
l.9 {\ttfamily \#include $
                          <$limits$>$}\newline
I've inserted something that you may have forgotten.
(See the <inserted text> above.)
With luck, this will get me unwedged. But if you
really didn't forget anything, try typing `2' now; then
my insertion and my current dilemma will both disappear.

Missing character: There is no < in font nullfont!
Missing character: There is no > in font nullfont!
! Extra }, or forgotten $.
<recently read> }
                 
l.9 {\ttfamily \#include $<$limits$>$}
                                      \newline
I've deleted a group-closing symbol because it seems to be
spurious, as in `$x}$'. But perhaps the } is legitimate and
you forgot something else, as in `\hbox{$x}'. In such cases
the way to recover is to insert both the forgotten and the
deleted material, e.g., by typing `I$}'.


! LaTeX Error: Command \ttfamily invalid in math mode.

See the LaTeX manual or LaTeX Companion for explanation.
Type  H <return>  for immediate help.
 ...                                              
                                                  
l.10 {\ttfamily
                \#include $<$cstring$>$}\newline
Please use the math alphabet \mathtt instead of the \ttfamily command. 

! Missing } inserted.
<inserted text> 
                }
l.10 {\ttfamily \#include $
                           <$cstring$>$}\newline
I've inserted something that you may have forgotten.
(See the <inserted text> above.)
With luck, this will get me unwedged. But if you
really didn't forget anything, try typing `2' now; then
my insertion and my current dilemma will both disappear.

Missing character: There is no < in font nullfont!
Missing character: There is no > in font nullfont!
! Extra }, or forgotten $.
<recently read> }
                 
l.10 {\ttfamily \#include $<$cstring$>$}
                                        \newline
I've deleted a group-closing symbol because it seems to be
spurious, as in `$x}$'. But perhaps the } is legitimate and
you forgot something else, as in `\hbox{$x}'. In such cases
the way to recover is to insert both the forgotten and the
deleted material, e.g., by typing `I$}'.


! LaTeX Error: Command \ttfamily invalid in math mode.

See the LaTeX manual or LaTeX Companion for explanation.
Type  H <return>  for immediate help.
 ...                                              
                                                  
l.11 {\ttfamily
                \#include $<$cstdlib$>$}\newline
Please use the math alphabet \mathtt instead of the \ttfamily command. 

! Missing } inserted.
<inserted text> 
                }
l.11 {\ttfamily \#include $
                           <$cstdlib$>$}\newline
I've inserted something that you may have forgotten.
(See the <inserted text> above.)
With luck, this will get me unwedged. But if you
really didn't forget anything, try typing `2' now; then
my insertion and my current dilemma will both disappear.

Missing character: There is no < in font nullfont!
Missing character: There is no > in font nullfont!
! Extra }, or forgotten $.
<recently read> }
                 
l.11 {\ttfamily \#include $<$cstdlib$>$}
                                        \newline
I've deleted a group-closing symbol because it seems to be
spurious, as in `$x}$'. But perhaps the } is legitimate and
you forgot something else, as in `\hbox{$x}'. In such cases
the way to recover is to insert both the forgotten and the
deleted material, e.g., by typing `I$}'.


! LaTeX Error: Command \ttfamily invalid in math mode.

See the LaTeX manual or LaTeX Companion for explanation.
Type  H <return>  for immediate help.
 ...                                              
                                                  
l.12 {\ttfamily
                \#include $<$cstdio$>$}\newline
Please use the math alphabet \mathtt instead of the \ttfamily command. 

! Missing } inserted.
<inserted text> 
                }
l.12 {\ttfamily \#include $
                           <$cstdio$>$}\newline
I've inserted something that you may have forgotten.
(See the <inserted text> above.)
With luck, this will get me unwedged. But if you
really didn't forget anything, try typing `2' now; then
my insertion and my current dilemma will both disappear.

Missing character: There is no < in font nullfont!
Missing character: There is no > in font nullfont!
! Extra }, or forgotten $.
<recently read> }
                 
l.12 {\ttfamily \#include $<$cstdio$>$}
                                       \newline
I've deleted a group-closing symbol because it seems to be
spurious, as in `$x}$'. But perhaps the } is legitimate and
you forgot something else, as in `\hbox{$x}'. In such cases
the way to recover is to insert both the forgotten and the
deleted material, e.g., by typing `I$}'.


! LaTeX Error: Command \ttfamily invalid in math mode.

See the LaTeX manual or LaTeX Companion for explanation.
Type  H <return>  for immediate help.
 ...                                              
                                                  
l.13 {\ttfamily
                \#include $<$vector$>$}\newline
Please use the math alphabet \mathtt instead of the \ttfamily command. 

! Missing } inserted.
<inserted text> 
                }
l.13 {\ttfamily \#include $
                           <$vector$>$}\newline
I've inserted something that you may have forgotten.
(See the <inserted text> above.)
With luck, this will get me unwedged. But if you
really didn't forget anything, try typing `2' now; then
my insertion and my current dilemma will both disappear.

Missing character: There is no < in font nullfont!
Missing character: There is no > in font nullfont!
! Extra }, or forgotten $.
<recently read> }
                 
l.13 {\ttfamily \#include $<$vector$>$}
                                       \newline
I've deleted a group-closing symbol because it seems to be
spurious, as in `$x}$'. But perhaps the } is legitimate and
you forgot something else, as in `\hbox{$x}'. In such cases
the way to recover is to insert both the forgotten and the
deleted material, e.g., by typing `I$}'.


! LaTeX Error: Command \ttfamily invalid in math mode.

See the LaTeX manual or LaTeX Companion for explanation.
Type  H <return>  for immediate help.
 ...                                              
                                                  
l.14 {\ttfamily
                \#include $<$numeric$>$}\newline
Please use the math alphabet \mathtt instead of the \ttfamily command. 

! Missing } inserted.
<inserted text> 
                }
l.14 {\ttfamily \#include $
                           <$numeric$>$}\newline
I've inserted something that you may have forgotten.
(See the <inserted text> above.)
With luck, this will get me unwedged. But if you
really didn't forget anything, try typing `2' now; then
my insertion and my current dilemma will both disappear.

Missing character: There is no < in font nullfont!
Missing character: There is no > in font nullfont!
! Extra }, or forgotten $.
<recently read> }
                 
l.14 {\ttfamily \#include $<$numeric$>$}
                                        \newline
I've deleted a group-closing symbol because it seems to be
spurious, as in `$x}$'. But perhaps the } is legitimate and
you forgot something else, as in `\hbox{$x}'. In such cases
the way to recover is to insert both the forgotten and the
deleted material, e.g., by typing `I$}'.


! LaTeX Error: Command \ttfamily invalid in math mode.

See the LaTeX manual or LaTeX Companion for explanation.
Type  H <return>  for immediate help.
 ...                                              
                                                  
l.15 {\ttfamily
                \#include $<$functional$>$}\newline
Please use the math alphabet \mathtt instead of the \ttfamily command. 

! Missing } inserted.
<inserted text> 
                }
l.15 {\ttfamily \#include $
                           <$functional$>$}\newline
I've inserted something that you may have forgotten.
(See the <inserted text> above.)
With luck, this will get me unwedged. But if you
really didn't forget anything, try typing `2' now; then
my insertion and my current dilemma will both disappear.

Missing character: There is no < in font nullfont!
Missing character: There is no > in font nullfont!
! Extra }, or forgotten $.
<recently read> }
                 
l.15 {\ttfamily \#include $<$functional$>$}
                                           \newline
I've deleted a group-closing symbol because it seems to be
spurious, as in `$x}$'. But perhaps the } is legitimate and
you forgot something else, as in `\hbox{$x}'. In such cases
the way to recover is to insert both the forgotten and the
deleted material, e.g., by typing `I$}'.


! LaTeX Error: Command \ttfamily invalid in math mode.

See the LaTeX manual or LaTeX Companion for explanation.
Type  H <return>  for immediate help.
 ...                                              
                                                  
l.16 {\ttfamily
                \#include $<$algorithm$>$}\newline
Please use the math alphabet \mathtt instead of the \ttfamily command. 

! Missing } inserted.
<inserted text> 
                }
l.16 {\ttfamily \#include $
                           <$algorithm$>$}\newline
I've inserted something that you may have forgotten.
(See the <inserted text> above.)
With luck, this will get me unwedged. But if you
really didn't forget anything, try typing `2' now; then
my insertion and my current dilemma will both disappear.

Missing character: There is no < in font nullfont!
Missing character: There is no > in font nullfont!
! Extra }, or forgotten $.
<recently read> }
                 
l.16 {\ttfamily \#include $<$algorithm$>$}
                                          \newline
I've deleted a group-closing symbol because it seems to be
spurious, as in `$x}$'. But perhaps the } is legitimate and
you forgot something else, as in `\hbox{$x}'. In such cases
the way to recover is to insert both the forgotten and the
deleted material, e.g., by typing `I$}'.


! LaTeX Error: Command \ttfamily invalid in math mode.

See the LaTeX manual or LaTeX Companion for explanation.
Type  H <return>  for immediate help.
 ...                                              
                                                  
l.17 {\ttfamily
                \#include $<$ctime$>$}\newline
Please use the math alphabet \mathtt instead of the \ttfamily command. 

! Missing } inserted.
<inserted text> 
                }
l.17 {\ttfamily \#include $
                           <$ctime$>$}\newline
I've inserted something that you may have forgotten.
(See the <inserted text> above.)
With luck, this will get me unwedged. But if you
really didn't forget anything, try typing `2' now; then
my insertion and my current dilemma will both disappear.

Missing character: There is no < in font nullfont!
Missing character: There is no > in font nullfont!
! Extra }, or forgotten $.
<recently read> }
                 
l.17 {\ttfamily \#include $<$ctime$>$}
                                      \newline
I've deleted a group-closing symbol because it seems to be
spurious, as in `$x}$'. But perhaps the } is legitimate and
you forgot something else, as in `\hbox{$x}'. In such cases
the way to recover is to insert both the forgotten and the
deleted material, e.g., by typing `I$}'.

! Undefined control sequence.
l.18 \subsection
                *{Macros}
The control sequence at the end of the top line
of your error message was never \def'ed. If you have
misspelled it (e.g., `\hobx'), type `I' and the correct
spelling (e.g., `I\hbox'). Otherwise just continue,
and I'll forget about whatever was undefined.


! LaTeX Error: Environment DoxyCompactItemize undefined.

See the LaTeX manual or LaTeX Companion for explanation.
Type  H <return>  for immediate help.
 ...                                              
                                                  
l.19 \begin{DoxyCompactItemize}
                               
Your command was ignored.
Type  I <command> <return>  to replace it with another command,
or  <return>  to continue without it.


! LaTeX Error: Command \item invalid in math mode.

See the LaTeX manual or LaTeX Companion for explanation.
Type  H <return>  for immediate help.
 ...                                              
                                                  
l.20 \item
          
Try typing  <return>  to proceed.
If that doesn't work, type  X <return>  to quit.


! LaTeX Error: Something's wrong--perhaps a missing \item.

See the LaTeX manual or LaTeX Companion for explanation.
Type  H <return>  for immediate help.
 ...                                              
                                                  
l.21 \#
       define \mbox{\hyperlink{main_8cpp_a9b91c72ded7de2f0b393ea75de53929b}{...

Try typing  <return>  to proceed.
If that doesn't work, type  X <return>  to quit.


! LaTeX Error: Something's wrong--perhaps a missing \item.

See the LaTeX manual or LaTeX Companion for explanation.
Type  H <return>  for immediate help.
 ...                                              
                                                  
l.21 \#
       define \mbox{\hyperlink{main_8cpp_a9b91c72ded7de2f0b393ea75de53929b}{...

Try typing  <return>  to proceed.
If that doesn't work, type  X <return>  to quit.


! LaTeX Error: Lonely \item--perhaps a missing list environment.

See the LaTeX manual or LaTeX Companion for explanation.
Type  H <return>  for immediate help.
 ...                                              
                                                  
l.21 \#
       define \mbox{\hyperlink{main_8cpp_a9b91c72ded7de2f0b393ea75de53929b}{...

Try typing  <return>  to proceed.
If that doesn't work, type  X <return>  to quit.

! Undefined control sequence.
<argument> \hyperlink 
                      {main_8cpp_a9b91c72ded7de2f0b393ea75de53929b}{F77\+N\+...
l.21 ...ded7de2f0b393ea75de53929b}{F77\+N\+A\+ME}}
                                                  (x)~x\#\#\+\_\+
The control sequence at the end of the top line
of your error message was never \def'ed. If you have
misspelled it (e.g., `\hobx'), type `I' and the correct
spelling (e.g., `I\hbox'). Otherwise just continue,
and I'll forget about whatever was undefined.

Missing character: There is no m in font nullfont!
Missing character: There is no a in font nullfont!
Missing character: There is no i in font nullfont!
Missing character: There is no n in font nullfont!
! Missing $ inserted.
<inserted text> 
                $
l.21 ...ded7de2f0b393ea75de53929b}{F77\+N\+A\+ME}}
                                                  (x)~x\#\#\+\_\+
I've inserted a begin-math/end-math symbol since I think
you left one out. Proceed, with fingers crossed.

! Extra }, or forgotten $.
<argument> ...p_a9b91c72ded7de2f0b393ea75de53929b}
                                                  {F77\+N\+A\+ME}
l.21 ...ded7de2f0b393ea75de53929b}{F77\+N\+A\+ME}}
                                                  (x)~x\#\#\+\_\+
I've deleted a group-closing symbol because it seems to be
spurious, as in `$x}$'. But perhaps the } is legitimate and
you forgot something else, as in `\hbox{$x}'. In such cases
the way to recover is to insert both the forgotten and the
deleted material, e.g., by typing `I$}'.

! Undefined control sequence.
<argument> ...1c72ded7de2f0b393ea75de53929b}{F77\+
                                                  N\+A\+ME}
l.21 ...ded7de2f0b393ea75de53929b}{F77\+N\+A\+ME}}
                                                  (x)~x\#\#\+\_\+
The control sequence at the end of the top line
of your error message was never \def'ed. If you have
misspelled it (e.g., `\hobx'), type `I' and the correct
spelling (e.g., `I\hbox'). Otherwise just continue,
and I'll forget about whatever was undefined.

! Undefined control sequence.
<argument> ...2ded7de2f0b393ea75de53929b}{F77\+N\+
                                                  A\+ME}
l.21 ...ded7de2f0b393ea75de53929b}{F77\+N\+A\+ME}}
                                                  (x)~x\#\#\+\_\+
The control sequence at the end of the top line
of your error message was never \def'ed. If you have
misspelled it (e.g., `\hobx'), type `I' and the correct
spelling (e.g., `I\hbox'). Otherwise just continue,
and I'll forget about whatever was undefined.

! Undefined control sequence.
<argument> ...d7de2f0b393ea75de53929b}{F77\+N\+A\+
                                                  ME}
l.21 ...ded7de2f0b393ea75de53929b}{F77\+N\+A\+ME}}
                                                  (x)~x\#\#\+\_\+
The control sequence at the end of the top line
of your error message was never \def'ed. If you have
misspelled it (e.g., `\hobx'), type `I' and the correct
spelling (e.g., `I\hbox'). Otherwise just continue,
and I'll forget about whatever was undefined.

! Extra }, or forgotten $.
\mbox #1->\leavevmode \hbox {#1}
                                
l.21 ...ded7de2f0b393ea75de53929b}{F77\+N\+A\+ME}}
                                                  (x)~x\#\#\+\_\+
I've deleted a group-closing symbol because it seems to be
spurious, as in `$x}$'. But perhaps the } is legitimate and
you forgot something else, as in `\hbox{$x}'. In such cases
the way to recover is to insert both the forgotten and the
deleted material, e.g., by typing `I$}'.

! Undefined control sequence.
l.21 ...93ea75de53929b}{F77\+N\+A\+ME}}(x)~x\#\#\+
                                                  \_\+
The control sequence at the end of the top line
of your error message was never \def'ed. If you have
misspelled it (e.g., `\hobx'), type `I' and the correct
spelling (e.g., `I\hbox'). Otherwise just continue,
and I'll forget about whatever was undefined.

! Undefined control sequence.
l.21 ...75de53929b}{F77\+N\+A\+ME}}(x)~x\#\#\+\_\+
                                                  
The control sequence at the end of the top line
of your error message was never \def'ed. If you have
misspelled it (e.g., `\hobx'), type `I' and the correct
spelling (e.g., `I\hbox'). Otherwise just continue,
and I'll forget about whatever was undefined.


! LaTeX Error: \begin{document} ended by \end{DoxyCompactItemize}.

See the LaTeX manual or LaTeX Companion for explanation.
Type  H <return>  for immediate help.
 ...                                              
                                                  
l.22 \end{DoxyCompactItemize}
                             
Your command was ignored.
Type  I <command> <return>  to replace it with another command,
or  <return>  to continue without it.

! Missing $ inserted.
<inserted text> 
                $
l.22 \end{DoxyCompactItemize}
                             
I've inserted something that you may have forgotten.
(See the <inserted text> above.)
With luck, this will get me unwedged. But if you
really didn't forget anything, try typing `2' now; then
my insertion and my current dilemma will both disappear.

! Missing } inserted.
<inserted text> 
                }
l.22 \end{DoxyCompactItemize}
                             
I've inserted something that you may have forgotten.
(See the <inserted text> above.)
With luck, this will get me unwedged. But if you
really didn't forget anything, try typing `2' now; then
my insertion and my current dilemma will both disappear.

! Missing } inserted.
<inserted text> 
                }
l.22 \end{DoxyCompactItemize}
                             
I've inserted something that you may have forgotten.
(See the <inserted text> above.)
With luck, this will get me unwedged. But if you
really didn't forget anything, try typing `2' now; then
my insertion and my current dilemma will both disappear.

! Undefined control sequence.
l.23 \subsection
                *{Functions}
The control sequence at the end of the top line
of your error message was never \def'ed. If you have
misspelled it (e.g., `\hobx'), type `I' and the correct
spelling (e.g., `I\hbox'). Otherwise just continue,
and I'll forget about whatever was undefined.


! LaTeX Error: Environment DoxyCompactItemize undefined.

See the LaTeX manual or LaTeX Companion for explanation.
Type  H <return>  for immediate help.
 ...                                              
                                                  
l.24 \begin{DoxyCompactItemize}
                               
Your command was ignored.
Type  I <command> <return>  to replace it with another command,
or  <return>  to continue without it.


! LaTeX Error: Command \item invalid in math mode.

See the LaTeX manual or LaTeX Companion for explanation.
Type  H <return>  for immediate help.
 ...                                              
                                                  
l.25 \item
          
Try typing  <return>  to proceed.
If that doesn't work, type  X <return>  to quit.

! Missing $ inserted.
<inserted text> 
                $
l.26 v
      oid \mbox{\hyperlink{main_8cpp_a9b91c72ded7de2f0b393ea75de53929b}{F77\...
I've inserted a begin-math/end-math symbol since I think
you left one out. Proceed, with fingers crossed.

! Missing \endgroup inserted.
<inserted text> 
                \endgroup 
l.26 v
      oid \mbox{\hyperlink{main_8cpp_a9b91c72ded7de2f0b393ea75de53929b}{F77\...
I've inserted something that you may have forgotten.
(See the <inserted text> above.)
With luck, this will get me unwedged. But if you
really didn't forget anything, try typing `2' now; then
my insertion and my current dilemma will both disappear.


Overfull \hbox (227.02303pt too wide) in paragraph at lines 1--26
[]$[]\OML/cmm/m/it/10 cpp[][][][]$$iostream$$[] 
 []


Overfull \hbox (68.64096pt too wide) in paragraph at lines 1--26
[]$$\OML/cmm/m/it/10 cmath$$[] 
 []


Overfull \hbox (77.71179pt too wide) in paragraph at lines 1--26
[]$$\OML/cmm/m/it/10 iomanip$$[] 
 []


Overfull \hbox (79.95926pt too wide) in paragraph at lines 1--26
[]$$\OML/cmm/m/it/10 valarray$$[] 
 []


Overfull \hbox (78.65721pt too wide) in paragraph at lines 1--26
[]$$\OML/cmm/m/it/10 fstream$$[] 
 []


Overfull \hbox (81.18726pt too wide) in paragraph at lines 1--26
[][] 
 []


Overfull \hbox (68.02426pt too wide) in paragraph at lines 1--26
[]$$\OML/cmm/m/it/10 limits$$[] 
 []


Overfull \hbox (72.86617pt too wide) in paragraph at lines 1--26
[]$$\OML/cmm/m/it/10 cstring$$[] 
 []


Overfull \hbox (69.62308pt too wide) in paragraph at lines 1--26
[]$$\OML/cmm/m/it/10 cstdlib$$[] 
 []


Overfull \hbox (66.99808pt too wide) in paragraph at lines 1--26
[]$$\OML/cmm/m/it/10 cstdio$$[] 
 []


Overfull \hbox (68.31223pt too wide) in paragraph at lines 1--26
[]$$\OML/cmm/m/it/10 vector$$[] 
 []


Overfull \hbox (78.60007pt too wide) in paragraph at lines 1--26
[]$$\OML/cmm/m/it/10 numeric$$[] 
 []


Overfull \hbox (89.27371pt too wide) in paragraph at lines 1--26
[]$$\OML/cmm/m/it/10 functional$$[] 
 []


Overfull \hbox (85.70416pt too wide) in paragraph at lines 1--26
[]$$\OML/cmm/m/it/10 algorithm$$[] 
 []


Overfull \hbox (65.69489pt too wide) in paragraph at lines 1--26
[]$$\OML/cmm/m/it/10 ctime$$[] 
 []


Overfull \hbox (5.00002pt too wide) in paragraph at lines 1--26
\OMS/cmsy/m/n/10 ^^C
 []


Overfull \hbox (348.68852pt too wide) in paragraph at lines 1--26
[]\OT1/cmr/m/n/10 #\OML/cmm/m/it/10 define[] \OMS/cmsy/m/n/10 ^^C
 []


Overfull \hbox (66.46727pt too wide) in paragraph at lines 1--26
[][]$ 
 []


! LaTeX Error: Lonely \item--perhaps a missing list environment.

See the LaTeX manual or LaTeX Companion for explanation.
Type  H <return>  for immediate help.
 ...                                              
                                                  
l.26 v
      oid \mbox{\hyperlink{main_8cpp_a9b91c72ded7de2f0b393ea75de53929b}{F77\...

Try typing  <return>  to proceed.
If that doesn't work, type  X <return>  to quit.

Missing character: There is no v in font nullfont!
Missing character: There is no o in font nullfont!
Missing character: There is no i in font nullfont!
Missing character: There is no d in font nullfont!
! Undefined control sequence.
<argument> \hyperlink 
                      {main_8cpp_a9b91c72ded7de2f0b393ea75de53929b}{F77\+N\+...
l.26 ...ded7de2f0b393ea75de53929b}{F77\+N\+A\+ME}}
                                                  () \mbox{\hyperlink{main_8...
The control sequence at the end of the top line
of your error message was never \def'ed. If you have
misspelled it (e.g., `\hobx'), type `I' and the correct
spelling (e.g., `I\hbox'). Otherwise just continue,
and I'll forget about whatever was undefined.

Missing character: There is no m in font nullfont!
Missing character: There is no a in font nullfont!
Missing character: There is no i in font nullfont!
Missing character: There is no n in font nullfont!
! Missing $ inserted.
<inserted text> 
                $
l.26 ...ded7de2f0b393ea75de53929b}{F77\+N\+A\+ME}}
                                                  () \mbox{\hyperlink{main_8...
I've inserted a begin-math/end-math symbol since I think
you left one out. Proceed, with fingers crossed.

! Extra }, or forgotten $.
<argument> ...p_a9b91c72ded7de2f0b393ea75de53929b}
                                                  {F77\+N\+A\+ME}
l.26 ...ded7de2f0b393ea75de53929b}{F77\+N\+A\+ME}}
                                                  () \mbox{\hyperlink{main_8...
I've deleted a group-closing symbol because it seems to be
spurious, as in `$x}$'. But perhaps the } is legitimate and
you forgot something else, as in `\hbox{$x}'. In such cases
the way to recover is to insert both the forgotten and the
deleted material, e.g., by typing `I$}'.

! Undefined control sequence.
<argument> ...1c72ded7de2f0b393ea75de53929b}{F77\+
                                                  N\+A\+ME}
l.26 ...ded7de2f0b393ea75de53929b}{F77\+N\+A\+ME}}
                                                  () \mbox{\hyperlink{main_8...
The control sequence at the end of the top line
of your error message was never \def'ed. If you have
misspelled it (e.g., `\hobx'), type `I' and the correct
spelling (e.g., `I\hbox'). Otherwise just continue,
and I'll forget about whatever was undefined.

! Undefined control sequence.
<argument> ...2ded7de2f0b393ea75de53929b}{F77\+N\+
                                                  A\+ME}
l.26 ...ded7de2f0b393ea75de53929b}{F77\+N\+A\+ME}}
                                                  () \mbox{\hyperlink{main_8...
The control sequence at the end of the top line
of your error message was never \def'ed. If you have
misspelled it (e.g., `\hobx'), type `I' and the correct
spelling (e.g., `I\hbox'). Otherwise just continue,
and I'll forget about whatever was undefined.

! Undefined control sequence.
<argument> ...d7de2f0b393ea75de53929b}{F77\+N\+A\+
                                                  ME}
l.26 ...ded7de2f0b393ea75de53929b}{F77\+N\+A\+ME}}
                                                  () \mbox{\hyperlink{main_8...
The control sequence at the end of the top line
of your error message was never \def'ed. If you have
misspelled it (e.g., `\hobx'), type `I' and the correct
spelling (e.g., `I\hbox'). Otherwise just continue,
and I'll forget about whatever was undefined.

! Extra }, or forgotten $.
\mbox #1->\leavevmode \hbox {#1}
                                
l.26 ...ded7de2f0b393ea75de53929b}{F77\+N\+A\+ME}}
                                                  () \mbox{\hyperlink{main_8...
I've deleted a group-closing symbol because it seems to be
spurious, as in `$x}$'. But perhaps the } is legitimate and
you forgot something else, as in `\hbox{$x}'. In such cases
the way to recover is to insert both the forgotten and the
deleted material, e.g., by typing `I$}'.

! Undefined control sequence.
<argument> \hyperlink 
                      {main_8cpp_a16a29d9b4c09920de08104c74871e7f5}{dgesv}
l.26 ...a16a29d9b4c09920de08104c74871e7f5}{dgesv}}
                                                   (const int \&n, const int...
The control sequence at the end of the top line
of your error message was never \def'ed. If you have
misspelled it (e.g., `\hobx'), type `I' and the correct
spelling (e.g., `I\hbox'). Otherwise just continue,
and I'll forget about whatever was undefined.

Missing character: There is no m in font nullfont!
Missing character: There is no a in font nullfont!
Missing character: There is no i in font nullfont!
Missing character: There is no n in font nullfont!
! Missing $ inserted.
<inserted text> 
                $
l.26 ...a16a29d9b4c09920de08104c74871e7f5}{dgesv}}
                                                   (const int \&n, const int...
I've inserted a begin-math/end-math symbol since I think
you left one out. Proceed, with fingers crossed.

! Extra }, or forgotten $.
<argument> ...p_a16a29d9b4c09920de08104c74871e7f5}
                                                  {dgesv}
l.26 ...a16a29d9b4c09920de08104c74871e7f5}{dgesv}}
                                                   (const int \&n, const int...
I've deleted a group-closing symbol because it seems to be
spurious, as in `$x}$'. But perhaps the } is legitimate and
you forgot something else, as in `\hbox{$x}'. In such cases
the way to recover is to insert both the forgotten and the
deleted material, e.g., by typing `I$}'.

! Extra }, or forgotten $.
\mbox #1->\leavevmode \hbox {#1}
                                
l.26 ...a16a29d9b4c09920de08104c74871e7f5}{dgesv}}
                                                   (const int \&n, const int...
I've deleted a group-closing symbol because it seems to be
spurious, as in `$x}$'. But perhaps the } is legitimate and
you forgot something else, as in `\hbox{$x}'. In such cases
the way to recover is to insert both the forgotten and the
deleted material, e.g., by typing `I$}'.

! Missing $ inserted.
<inserted text> 
                $
l.26 ... \&n, const int \&nrhs, const double $\ast
                                                  $A, const int \&lda, int $...
I've inserted a begin-math/end-math symbol since I think
you left one out. Proceed, with fingers crossed.

Missing character: There is no A in font nullfont!
Missing character: There is no , in font nullfont!
Missing character: There is no c in font nullfont!
Missing character: There is no o in font nullfont!
Missing character: There is no n in font nullfont!
Missing character: There is no s in font nullfont!
Missing character: There is no t in font nullfont!
Missing character: There is no i in font nullfont!
Missing character: There is no n in font nullfont!
Missing character: There is no t in font nullfont!
Missing character: There is no & in font nullfont!
Missing character: There is no l in font nullfont!
Missing character: There is no d in font nullfont!
Missing character: There is no a in font nullfont!
Missing character: There is no , in font nullfont!
Missing character: There is no i in font nullfont!
Missing character: There is no n in font nullfont!
Missing character: There is no t in font nullfont!
Missing character: There is no i in font nullfont!
Missing character: There is no p in font nullfont!
Missing character: There is no i in font nullfont!
Missing character: There is no v in font nullfont!
Missing character: There is no , in font nullfont!
Missing character: There is no d in font nullfont!
Missing character: There is no o in font nullfont!
Missing character: There is no u in font nullfont!
Missing character: There is no b in font nullfont!
Missing character: There is no l in font nullfont!
Missing character: There is no e in font nullfont!
Missing character: There is no B in font nullfont!
Missing character: There is no , in font nullfont!
Missing character: There is no c in font nullfont!
Missing character: There is no o in font nullfont!
Missing character: There is no n in font nullfont!
Missing character: There is no s in font nullfont!
Missing character: There is no t in font nullfont!
Missing character: There is no i in font nullfont!
Missing character: There is no n in font nullfont!
Missing character: There is no t in font nullfont!
Missing character: There is no & in font nullfont!
Missing character: There is no l in font nullfont!
Missing character: There is no d in font nullfont!
Missing character: There is no b in font nullfont!
Missing character: There is no , in font nullfont!
Missing character: There is no i in font nullfont!
Missing character: There is no n in font nullfont!
Missing character: There is no t in font nullfont!
Missing character: There is no & in font nullfont!
Missing character: There is no i in font nullfont!
Missing character: There is no n in font nullfont!
Missing character: There is no f in font nullfont!
Missing character: There is no o in font nullfont!
Missing character: There is no ) in font nullfont!

! LaTeX Error: Something's wrong--perhaps a missing \item.

See the LaTeX manual or LaTeX Companion for explanation.
Type  H <return>  for immediate help.
 ...                                              
                                                  
l.28 v
      oid \mbox{\hyperlink{main_8cpp_aac9fbb96b86a2533f4dae916c337d340}{prin...

Try typing  <return>  to proceed.
If that doesn't work, type  X <return>  to quit.


! LaTeX Error: Something's wrong--perhaps a missing \item.

See the LaTeX manual or LaTeX Companion for explanation.
Type  H <return>  for immediate help.
 ...                                              
                                                  
l.28 v
      oid \mbox{\hyperlink{main_8cpp_aac9fbb96b86a2533f4dae916c337d340}{prin...

Try typing  <return>  to proceed.
If that doesn't work, type  X <return>  to quit.


! LaTeX Error: Lonely \item--perhaps a missing list environment.

See the LaTeX manual or LaTeX Companion for explanation.
Type  H <return>  for immediate help.
 ...                                              
                                                  
l.28 v
      oid \mbox{\hyperlink{main_8cpp_aac9fbb96b86a2533f4dae916c337d340}{prin...

Try typing  <return>  to proceed.
If that doesn't work, type  X <return>  to quit.

Missing character: There is no v in font nullfont!
Missing character: There is no o in font nullfont!
Missing character: There is no i in font nullfont!
Missing character: There is no d in font nullfont!
! Undefined control sequence.
<argument> \hyperlink 
                      {main_8cpp_aac9fbb96b86a2533f4dae916c337d340}{print\+M...
l.28 ...6b86a2533f4dae916c337d340}{print\+Matrix}}
                                                   (double $\ast$, int, int)
The control sequence at the end of the top line
of your error message was never \def'ed. If you have
misspelled it (e.g., `\hobx'), type `I' and the correct
spelling (e.g., `I\hbox'). Otherwise just continue,
and I'll forget about whatever was undefined.

Missing character: There is no m in font nullfont!
Missing character: There is no a in font nullfont!
Missing character: There is no i in font nullfont!
Missing character: There is no n in font nullfont!
! Missing $ inserted.
<inserted text> 
                $
l.28 ...6b86a2533f4dae916c337d340}{print\+Matrix}}
                                                   (double $\ast$, int, int)
I've inserted a begin-math/end-math symbol since I think
you left one out. Proceed, with fingers crossed.

! Extra }, or forgotten $.
<argument> ...p_aac9fbb96b86a2533f4dae916c337d340}
                                                  {print\+Matrix}
l.28 ...6b86a2533f4dae916c337d340}{print\+Matrix}}
                                                   (double $\ast$, int, int)
I've deleted a group-closing symbol because it seems to be
spurious, as in `$x}$'. But perhaps the } is legitimate and
you forgot something else, as in `\hbox{$x}'. In such cases
the way to recover is to insert both the forgotten and the
deleted material, e.g., by typing `I$}'.

! Undefined control sequence.
<argument> ...b96b86a2533f4dae916c337d340}{print\+
                                                  Matrix}
l.28 ...6b86a2533f4dae916c337d340}{print\+Matrix}}
                                                   (double $\ast$, int, int)
The control sequence at the end of the top line
of your error message was never \def'ed. If you have
misspelled it (e.g., `\hobx'), type `I' and the correct
spelling (e.g., `I\hbox'). Otherwise just continue,
and I'll forget about whatever was undefined.

! Extra }, or forgotten $.
\mbox #1->\leavevmode \hbox {#1}
                                
l.28 ...6b86a2533f4dae916c337d340}{print\+Matrix}}
                                                   (double $\ast$, int, int)
I've deleted a group-closing symbol because it seems to be
spurious, as in `$x}$'. But perhaps the } is legitimate and
you forgot something else, as in `\hbox{$x}'. In such cases
the way to recover is to insert both the forgotten and the
deleted material, e.g., by typing `I$}'.

! Missing $ inserted.
<inserted text> 
                $
l.28 ...916c337d340}{print\+Matrix}} (double $\ast
                                                  $, int, int)
I've inserted a begin-math/end-math symbol since I think
you left one out. Proceed, with fingers crossed.

Missing character: There is no , in font nullfont!
Missing character: There is no i in font nullfont!
Missing character: There is no n in font nullfont!
Missing character: There is no t in font nullfont!
Missing character: There is no , in font nullfont!
Missing character: There is no i in font nullfont!
Missing character: There is no n in font nullfont!
Missing character: There is no t in font nullfont!
Missing character: There is no ) in font nullfont!

! LaTeX Error: Something's wrong--perhaps a missing \item.

See the LaTeX manual or LaTeX Companion for explanation.
Type  H <return>  for immediate help.
 ...                                              
                                                  
l.30 v
      oid \mbox{\hyperlink{main_8cpp_aa904ff69b5304ccde54e13482c9f8e93}{prin...

Try typing  <return>  to proceed.
If that doesn't work, type  X <return>  to quit.


! LaTeX Error: Something's wrong--perhaps a missing \item.

See the LaTeX manual or LaTeX Companion for explanation.
Type  H <return>  for immediate help.
 ...                                              
                                                  
l.30 v
      oid \mbox{\hyperlink{main_8cpp_aa904ff69b5304ccde54e13482c9f8e93}{prin...

Try typing  <return>  to proceed.
If that doesn't work, type  X <return>  to quit.


! LaTeX Error: Lonely \item--perhaps a missing list environment.

See the LaTeX manual or LaTeX Companion for explanation.
Type  H <return>  for immediate help.
 ...                                              
                                                  
l.30 v
      oid \mbox{\hyperlink{main_8cpp_aa904ff69b5304ccde54e13482c9f8e93}{prin...

Try typing  <return>  to proceed.
If that doesn't work, type  X <return>  to quit.

Missing character: There is no v in font nullfont!
Missing character: There is no o in font nullfont!
Missing character: There is no i in font nullfont!
Missing character: There is no d in font nullfont!
! Undefined control sequence.
<argument> \hyperlink 
                      {main_8cpp_aa904ff69b5304ccde54e13482c9f8e93}{print\+M...
l.30 ...9b5304ccde54e13482c9f8e93}{print\+Matrix}}
                                                   (int $\ast$, int, int)
The control sequence at the end of the top line
of your error message was never \def'ed. If you have
misspelled it (e.g., `\hobx'), type `I' and the correct
spelling (e.g., `I\hbox'). Otherwise just continue,
and I'll forget about whatever was undefined.

Missing character: There is no m in font nullfont!
Missing character: There is no a in font nullfont!
Missing character: There is no i in font nullfont!
Missing character: There is no n in font nullfont!
! Missing $ inserted.
<inserted text> 
                $
l.30 ...9b5304ccde54e13482c9f8e93}{print\+Matrix}}
                                                   (int $\ast$, int, int)
I've inserted a begin-math/end-math symbol since I think
you left one out. Proceed, with fingers crossed.

! Extra }, or forgotten $.
<argument> ...p_aa904ff69b5304ccde54e13482c9f8e93}
                                                  {print\+Matrix}
l.30 ...9b5304ccde54e13482c9f8e93}{print\+Matrix}}
                                                   (int $\ast$, int, int)
I've deleted a group-closing symbol because it seems to be
spurious, as in `$x}$'. But perhaps the } is legitimate and
you forgot something else, as in `\hbox{$x}'. In such cases
the way to recover is to insert both the forgotten and the
deleted material, e.g., by typing `I$}'.

! Undefined control sequence.
<argument> ...f69b5304ccde54e13482c9f8e93}{print\+
                                                  Matrix}
l.30 ...9b5304ccde54e13482c9f8e93}{print\+Matrix}}
                                                   (int $\ast$, int, int)
The control sequence at the end of the top line
of your error message was never \def'ed. If you have
misspelled it (e.g., `\hobx'), type `I' and the correct
spelling (e.g., `I\hbox'). Otherwise just continue,
and I'll forget about whatever was undefined.

! Extra }, or forgotten $.
\mbox #1->\leavevmode \hbox {#1}
                                
l.30 ...9b5304ccde54e13482c9f8e93}{print\+Matrix}}
                                                   (int $\ast$, int, int)
I've deleted a group-closing symbol because it seems to be
spurious, as in `$x}$'. But perhaps the } is legitimate and
you forgot something else, as in `\hbox{$x}'. In such cases
the way to recover is to insert both the forgotten and the
deleted material, e.g., by typing `I$}'.

! Missing $ inserted.
<inserted text> 
                $
l.30 ...4e13482c9f8e93}{print\+Matrix}} (int $\ast
                                                  $, int, int)
I've inserted a begin-math/end-math symbol since I think
you left one out. Proceed, with fingers crossed.

Missing character: There is no , in font nullfont!
Missing character: There is no i in font nullfont!
Missing character: There is no n in font nullfont!
Missing character: There is no t in font nullfont!
Missing character: There is no , in font nullfont!
Missing character: There is no i in font nullfont!
Missing character: There is no n in font nullfont!
Missing character: There is no t in font nullfont!
Missing character: There is no ) in font nullfont!

! LaTeX Error: Something's wrong--perhaps a missing \item.

See the LaTeX manual or LaTeX Companion for explanation.
Type  H <return>  for immediate help.
 ...                                              
                                                  
l.32 d
      ouble \mbox{\hyperlink{main_8cpp_acb7f0ed8aa1e2cedae630284711801a5}{de...

Try typing  <return>  to proceed.
If that doesn't work, type  X <return>  to quit.


! LaTeX Error: Something's wrong--perhaps a missing \item.

See the LaTeX manual or LaTeX Companion for explanation.
Type  H <return>  for immediate help.
 ...                                              
                                                  
l.32 d
      ouble \mbox{\hyperlink{main_8cpp_acb7f0ed8aa1e2cedae630284711801a5}{de...

Try typing  <return>  to proceed.
If that doesn't work, type  X <return>  to quit.


! LaTeX Error: Lonely \item--perhaps a missing list environment.

See the LaTeX manual or LaTeX Companion for explanation.
Type  H <return>  for immediate help.
 ...                                              
                                                  
l.32 d
      ouble \mbox{\hyperlink{main_8cpp_acb7f0ed8aa1e2cedae630284711801a5}{de...

Try typing  <return>  to proceed.
If that doesn't work, type  X <return>  to quit.

Missing character: There is no d in font nullfont!
Missing character: There is no o in font nullfont!
Missing character: There is no u in font nullfont!
Missing character: There is no b in font nullfont!
Missing character: There is no l in font nullfont!
Missing character: There is no e in font nullfont!
! Undefined control sequence.
<argument> \hyperlink 
                      {main_8cpp_acb7f0ed8aa1e2cedae630284711801a5}{det\+Mat...
l.32 ...d8aa1e2cedae630284711801a5}{det\+Matrix2}}
                                                   (double $\ast$)
The control sequence at the end of the top line
of your error message was never \def'ed. If you have
misspelled it (e.g., `\hobx'), type `I' and the correct
spelling (e.g., `I\hbox'). Otherwise just continue,
and I'll forget about whatever was undefined.

Missing character: There is no m in font nullfont!
Missing character: There is no a in font nullfont!
Missing character: There is no i in font nullfont!
Missing character: There is no n in font nullfont!
! Missing $ inserted.
<inserted text> 
                $
l.32 ...d8aa1e2cedae630284711801a5}{det\+Matrix2}}
                                                   (double $\ast$)
I've inserted a begin-math/end-math symbol since I think
you left one out. Proceed, with fingers crossed.

! Extra }, or forgotten $.
<argument> ...p_acb7f0ed8aa1e2cedae630284711801a5}
                                                  {det\+Matrix2}
l.32 ...d8aa1e2cedae630284711801a5}{det\+Matrix2}}
                                                   (double $\ast$)
I've deleted a group-closing symbol because it seems to be
spurious, as in `$x}$'. But perhaps the } is legitimate and
you forgot something else, as in `\hbox{$x}'. In such cases
the way to recover is to insert both the forgotten and the
deleted material, e.g., by typing `I$}'.

! Undefined control sequence.
<argument> ...f0ed8aa1e2cedae630284711801a5}{det\+
                                                  Matrix2}
l.32 ...d8aa1e2cedae630284711801a5}{det\+Matrix2}}
                                                   (double $\ast$)
The control sequence at the end of the top line
of your error message was never \def'ed. If you have
misspelled it (e.g., `\hobx'), type `I' and the correct
spelling (e.g., `I\hbox'). Otherwise just continue,
and I'll forget about whatever was undefined.

! Extra }, or forgotten $.
\mbox #1->\leavevmode \hbox {#1}
                                
l.32 ...d8aa1e2cedae630284711801a5}{det\+Matrix2}}
                                                   (double $\ast$)
I've deleted a group-closing symbol because it seems to be
spurious, as in `$x}$'. But perhaps the } is legitimate and
you forgot something else, as in `\hbox{$x}'. In such cases
the way to recover is to insert both the forgotten and the
deleted material, e.g., by typing `I$}'.

! Missing $ inserted.
<inserted text> 
                $
l.32 ...0284711801a5}{det\+Matrix2}} (double $\ast
                                                  $)
I've inserted a begin-math/end-math symbol since I think
you left one out. Proceed, with fingers crossed.

Missing character: There is no ) in font nullfont!

! LaTeX Error: Something's wrong--perhaps a missing \item.

See the LaTeX manual or LaTeX Companion for explanation.
Type  H <return>  for immediate help.
 ...                                              
                                                  
l.34 v
      oid \mbox{\hyperlink{main_8cpp_a4ecc8caf38d3ce41629fd13465823a29}{inv\...

Try typing  <return>  to proceed.
If that doesn't work, type  X <return>  to quit.


! LaTeX Error: Something's wrong--perhaps a missing \item.

See the LaTeX manual or LaTeX Companion for explanation.
Type  H <return>  for immediate help.
 ...                                              
                                                  
l.34 v
      oid \mbox{\hyperlink{main_8cpp_a4ecc8caf38d3ce41629fd13465823a29}{inv\...

Try typing  <return>  to proceed.
If that doesn't work, type  X <return>  to quit.


! LaTeX Error: Lonely \item--perhaps a missing list environment.

See the LaTeX manual or LaTeX Companion for explanation.
Type  H <return>  for immediate help.
 ...                                              
                                                  
l.34 v
      oid \mbox{\hyperlink{main_8cpp_a4ecc8caf38d3ce41629fd13465823a29}{inv\...

Try typing  <return>  to proceed.
If that doesn't work, type  X <return>  to quit.

Missing character: There is no v in font nullfont!
Missing character: There is no o in font nullfont!
Missing character: There is no i in font nullfont!
Missing character: There is no d in font nullfont!
! Undefined control sequence.
<argument> \hyperlink 
                      {main_8cpp_a4ecc8caf38d3ce41629fd13465823a29}{inv\+Mat...
l.34 ...af38d3ce41629fd13465823a29}{inv\+Matrix2}}
                                                   (double $\ast$, double $\...
The control sequence at the end of the top line
of your error message was never \def'ed. If you have
misspelled it (e.g., `\hobx'), type `I' and the correct
spelling (e.g., `I\hbox'). Otherwise just continue,
and I'll forget about whatever was undefined.

Missing character: There is no m in font nullfont!
Missing character: There is no a in font nullfont!
Missing character: There is no i in font nullfont!
Missing character: There is no n in font nullfont!
! Missing $ inserted.
<inserted text> 
                $
l.34 ...af38d3ce41629fd13465823a29}{inv\+Matrix2}}
                                                   (double $\ast$, double $\...
I've inserted a begin-math/end-math symbol since I think
you left one out. Proceed, with fingers crossed.

! Extra }, or forgotten $.
<argument> ...p_a4ecc8caf38d3ce41629fd13465823a29}
                                                  {inv\+Matrix2}
l.34 ...af38d3ce41629fd13465823a29}{inv\+Matrix2}}
                                                   (double $\ast$, double $\...
I've deleted a group-closing symbol because it seems to be
spurious, as in `$x}$'. But perhaps the } is legitimate and
you forgot something else, as in `\hbox{$x}'. In such cases
the way to recover is to insert both the forgotten and the
deleted material, e.g., by typing `I$}'.

! Undefined control sequence.
<argument> ...c8caf38d3ce41629fd13465823a29}{inv\+
                                                  Matrix2}
l.34 ...af38d3ce41629fd13465823a29}{inv\+Matrix2}}
                                                   (double $\ast$, double $\...
The control sequence at the end of the top line
of your error message was never \def'ed. If you have
misspelled it (e.g., `\hobx'), type `I' and the correct
spelling (e.g., `I\hbox'). Otherwise just continue,
and I'll forget about whatever was undefined.

! Extra }, or forgotten $.
\mbox #1->\leavevmode \hbox {#1}
                                
l.34 ...af38d3ce41629fd13465823a29}{inv\+Matrix2}}
                                                   (double $\ast$, double $\...
I've deleted a group-closing symbol because it seems to be
spurious, as in `$x}$'. But perhaps the } is legitimate and
you forgot something else, as in `\hbox{$x}'. In such cases
the way to recover is to insert both the forgotten and the
deleted material, e.g., by typing `I$}'.

! Missing $ inserted.
<inserted text> 
                $
l.34 ...d13465823a29}{inv\+Matrix2}} (double $\ast
                                                  $, double $\ast$)
I've inserted a begin-math/end-math symbol since I think
you left one out. Proceed, with fingers crossed.

Missing character: There is no , in font nullfont!
Missing character: There is no d in font nullfont!
Missing character: There is no o in font nullfont!
Missing character: There is no u in font nullfont!
Missing character: There is no b in font nullfont!
Missing character: There is no l in font nullfont!
Missing character: There is no e in font nullfont!
Missing character: There is no ) in font nullfont!

! LaTeX Error: Something's wrong--perhaps a missing \item.

See the LaTeX manual or LaTeX Companion for explanation.
Type  H <return>  for immediate help.
 ...                                              
                                                  
l.36 i
      nt \mbox{\hyperlink{main_8cpp_a409a36b85ac26915628e066c6fef81c0}{get\+...

Try typing  <return>  to proceed.
If that doesn't work, type  X <return>  to quit.


! LaTeX Error: Something's wrong--perhaps a missing \item.

See the LaTeX manual or LaTeX Companion for explanation.
Type  H <return>  for immediate help.
 ...                                              
                                                  
l.36 i
      nt \mbox{\hyperlink{main_8cpp_a409a36b85ac26915628e066c6fef81c0}{get\+...

Try typing  <return>  to proceed.
If that doesn't work, type  X <return>  to quit.


! LaTeX Error: Lonely \item--perhaps a missing list environment.

See the LaTeX manual or LaTeX Companion for explanation.
Type  H <return>  for immediate help.
 ...                                              
                                                  
l.36 i
      nt \mbox{\hyperlink{main_8cpp_a409a36b85ac26915628e066c6fef81c0}{get\+...

Try typing  <return>  to proceed.
If that doesn't work, type  X <return>  to quit.

Missing character: There is no i in font nullfont!
Missing character: There is no n in font nullfont!
Missing character: There is no t in font nullfont!
! Undefined control sequence.
<argument> \hyperlink 
                      {main_8cpp_a409a36b85ac26915628e066c6fef81c0}{get\+Ind...
l.36 ...ac26915628e066c6fef81c0}{get\+Ind\+\_\+i}}
                                                   (int, int)
The control sequence at the end of the top line
of your error message was never \def'ed. If you have
misspelled it (e.g., `\hobx'), type `I' and the correct
spelling (e.g., `I\hbox'). Otherwise just continue,
and I'll forget about whatever was undefined.

Missing character: There is no m in font nullfont!
Missing character: There is no a in font nullfont!
Missing character: There is no i in font nullfont!
Missing character: There is no n in font nullfont!
! Missing $ inserted.
<inserted text> 
                $
l.36 ...ac26915628e066c6fef81c0}{get\+Ind\+\_\+i}}
                                                   (int, int)
I've inserted a begin-math/end-math symbol since I think
you left one out. Proceed, with fingers crossed.

! Extra }, or forgotten $.
<argument> ...p_a409a36b85ac26915628e066c6fef81c0}
                                                  {get\+Ind\+\_\+i}
l.36 ...ac26915628e066c6fef81c0}{get\+Ind\+\_\+i}}
                                                   (int, int)
I've deleted a group-closing symbol because it seems to be
spurious, as in `$x}$'. But perhaps the } is legitimate and
you forgot something else, as in `\hbox{$x}'. In such cases
the way to recover is to insert both the forgotten and the
deleted material, e.g., by typing `I$}'.

! Undefined control sequence.
<argument> ...a36b85ac26915628e066c6fef81c0}{get\+
                                                  Ind\+\_\+i}
l.36 ...ac26915628e066c6fef81c0}{get\+Ind\+\_\+i}}
                                                   (int, int)
The control sequence at the end of the top line
of your error message was never \def'ed. If you have
misspelled it (e.g., `\hobx'), type `I' and the correct
spelling (e.g., `I\hbox'). Otherwise just continue,
and I'll forget about whatever was undefined.

! Undefined control sequence.
<argument> ...5ac26915628e066c6fef81c0}{get\+Ind\+
                                                  \_\+i}
l.36 ...ac26915628e066c6fef81c0}{get\+Ind\+\_\+i}}
                                                   (int, int)
The control sequence at the end of the top line
of your error message was never \def'ed. If you have
misspelled it (e.g., `\hobx'), type `I' and the correct
spelling (e.g., `I\hbox'). Otherwise just continue,
and I'll forget about whatever was undefined.

! Undefined control sequence.
<argument> ...6915628e066c6fef81c0}{get\+Ind\+\_\+
                                                  i}
l.36 ...ac26915628e066c6fef81c0}{get\+Ind\+\_\+i}}
                                                   (int, int)
The control sequence at the end of the top line
of your error message was never \def'ed. If you have
misspelled it (e.g., `\hobx'), type `I' and the correct
spelling (e.g., `I\hbox'). Otherwise just continue,
and I'll forget about whatever was undefined.

! Extra }, or forgotten $.
\mbox #1->\leavevmode \hbox {#1}
                                
l.36 ...ac26915628e066c6fef81c0}{get\+Ind\+\_\+i}}
                                                   (int, int)
I've deleted a group-closing symbol because it seems to be
spurious, as in `$x}$'. But perhaps the } is legitimate and
you forgot something else, as in `\hbox{$x}'. In such cases
the way to recover is to insert both the forgotten and the
deleted material, e.g., by typing `I$}'.


! LaTeX Error: Command \item invalid in math mode.

See the LaTeX manual or LaTeX Companion for explanation.
Type  H <return>  for immediate help.
 ...                                              
                                                  
l.37 \item
          
Try typing  <return>  to proceed.
If that doesn't work, type  X <return>  to quit.

! Missing $ inserted.
<inserted text> 
                $
l.38 i
      nt \mbox{\hyperlink{main_8cpp_a5cf5c24afac47ac20b6ded42691f6009}{get\+...
I've inserted a begin-math/end-math symbol since I think
you left one out. Proceed, with fingers crossed.


! LaTeX Error: Something's wrong--perhaps a missing \item.

See the LaTeX manual or LaTeX Companion for explanation.
Type  H <return>  for immediate help.
 ...                                              
                                                  
l.38 i
      nt \mbox{\hyperlink{main_8cpp_a5cf5c24afac47ac20b6ded42691f6009}{get\+...

Try typing  <return>  to proceed.
If that doesn't work, type  X <return>  to quit.


! LaTeX Error: Something's wrong--perhaps a missing \item.

See the LaTeX manual or LaTeX Companion for explanation.
Type  H <return>  for immediate help.
 ...                                              
                                                  
l.38 i
      nt \mbox{\hyperlink{main_8cpp_a5cf5c24afac47ac20b6ded42691f6009}{get\+...

Try typing  <return>  to proceed.
If that doesn't work, type  X <return>  to quit.


! LaTeX Error: Lonely \item--perhaps a missing list environment.

See the LaTeX manual or LaTeX Companion for explanation.
Type  H <return>  for immediate help.
 ...                                              
                                                  
l.38 i
      nt \mbox{\hyperlink{main_8cpp_a5cf5c24afac47ac20b6ded42691f6009}{get\+...

Try typing  <return>  to proceed.
If that doesn't work, type  X <return>  to quit.

Missing character: There is no i in font nullfont!
Missing character: There is no n in font nullfont!
Missing character: There is no t in font nullfont!
! Undefined control sequence.
<argument> \hyperlink 
                      {main_8cpp_a5cf5c24afac47ac20b6ded42691f6009}{get\+Ind...
l.38 ...ac47ac20b6ded42691f6009}{get\+Ind\+\_\+j}}
                                                   (int, int)
The control sequence at the end of the top line
of your error message was never \def'ed. If you have
misspelled it (e.g., `\hobx'), type `I' and the correct
spelling (e.g., `I\hbox'). Otherwise just continue,
and I'll forget about whatever was undefined.

Missing character: There is no m in font nullfont!
Missing character: There is no a in font nullfont!
Missing character: There is no i in font nullfont!
Missing character: There is no n in font nullfont!
! Missing $ inserted.
<inserted text> 
                $
l.38 ...ac47ac20b6ded42691f6009}{get\+Ind\+\_\+j}}
                                                   (int, int)
I've inserted a begin-math/end-math symbol since I think
you left one out. Proceed, with fingers crossed.

! Extra }, or forgotten $.
<argument> ...p_a5cf5c24afac47ac20b6ded42691f6009}
                                                  {get\+Ind\+\_\+j}
l.38 ...ac47ac20b6ded42691f6009}{get\+Ind\+\_\+j}}
                                                   (int, int)
I've deleted a group-closing symbol because it seems to be
spurious, as in `$x}$'. But perhaps the } is legitimate and
you forgot something else, as in `\hbox{$x}'. In such cases
the way to recover is to insert both the forgotten and the
deleted material, e.g., by typing `I$}'.

! Undefined control sequence.
<argument> ...5c24afac47ac20b6ded42691f6009}{get\+
                                                  Ind\+\_\+j}
l.38 ...ac47ac20b6ded42691f6009}{get\+Ind\+\_\+j}}
                                                   (int, int)
The control sequence at the end of the top line
of your error message was never \def'ed. If you have
misspelled it (e.g., `\hobx'), type `I' and the correct
spelling (e.g., `I\hbox'). Otherwise just continue,
and I'll forget about whatever was undefined.

! Undefined control sequence.
<argument> ...fac47ac20b6ded42691f6009}{get\+Ind\+
                                                  \_\+j}
l.38 ...ac47ac20b6ded42691f6009}{get\+Ind\+\_\+j}}
                                                   (int, int)
The control sequence at the end of the top line
of your error message was never \def'ed. If you have
misspelled it (e.g., `\hobx'), type `I' and the correct
spelling (e.g., `I\hbox'). Otherwise just continue,
and I'll forget about whatever was undefined.

! Undefined control sequence.
<argument> ...7ac20b6ded42691f6009}{get\+Ind\+\_\+
                                                  j}
l.38 ...ac47ac20b6ded42691f6009}{get\+Ind\+\_\+j}}
                                                   (int, int)
The control sequence at the end of the top line
of your error message was never \def'ed. If you have
misspelled it (e.g., `\hobx'), type `I' and the correct
spelling (e.g., `I\hbox'). Otherwise just continue,
and I'll forget about whatever was undefined.

! Extra }, or forgotten $.
\mbox #1->\leavevmode \hbox {#1}
                                
l.38 ...ac47ac20b6ded42691f6009}{get\+Ind\+\_\+j}}
                                                   (int, int)
I've deleted a group-closing symbol because it seems to be
spurious, as in `$x}$'. But perhaps the } is legitimate and
you forgot something else, as in `\hbox{$x}'. In such cases
the way to recover is to insert both the forgotten and the
deleted material, e.g., by typing `I$}'.


! LaTeX Error: Command \item invalid in math mode.

See the LaTeX manual or LaTeX Companion for explanation.
Type  H <return>  for immediate help.
 ...                                              
                                                  
l.39 \item
          
Try typing  <return>  to proceed.
If that doesn't work, type  X <return>  to quit.

! Missing $ inserted.
<inserted text> 
                $
l.40 v
      oid \mbox{\hyperlink{main_8cpp_a665c380bef95251896c2dd7aab2a0545}{Writ...
I've inserted a begin-math/end-math symbol since I think
you left one out. Proceed, with fingers crossed.


! LaTeX Error: Something's wrong--perhaps a missing \item.

See the LaTeX manual or LaTeX Companion for explanation.
Type  H <return>  for immediate help.
 ...                                              
                                                  
l.40 v
      oid \mbox{\hyperlink{main_8cpp_a665c380bef95251896c2dd7aab2a0545}{Writ...

Try typing  <return>  to proceed.
If that doesn't work, type  X <return>  to quit.


! LaTeX Error: Something's wrong--perhaps a missing \item.

See the LaTeX manual or LaTeX Companion for explanation.
Type  H <return>  for immediate help.
 ...                                              
                                                  
l.40 v
      oid \mbox{\hyperlink{main_8cpp_a665c380bef95251896c2dd7aab2a0545}{Writ...

Try typing  <return>  to proceed.
If that doesn't work, type  X <return>  to quit.


! LaTeX Error: Lonely \item--perhaps a missing list environment.

See the LaTeX manual or LaTeX Companion for explanation.
Type  H <return>  for immediate help.
 ...                                              
                                                  
l.40 v
      oid \mbox{\hyperlink{main_8cpp_a665c380bef95251896c2dd7aab2a0545}{Writ...

Try typing  <return>  to proceed.
If that doesn't work, type  X <return>  to quit.

Missing character: There is no v in font nullfont!
Missing character: There is no o in font nullfont!
Missing character: There is no i in font nullfont!
Missing character: There is no d in font nullfont!
! Undefined control sequence.
<argument> \hyperlink 
                      {main_8cpp_a665c380bef95251896c2dd7aab2a0545}{Write\+V...
l.40 ...95251896c2dd7aab2a0545}{Write\+Vtk\+File}}
                                                   (int nnode\+\_\+elem, int...
The control sequence at the end of the top line
of your error message was never \def'ed. If you have
misspelled it (e.g., `\hobx'), type `I' and the correct
spelling (e.g., `I\hbox'). Otherwise just continue,
and I'll forget about whatever was undefined.

Missing character: There is no m in font nullfont!
Missing character: There is no a in font nullfont!
Missing character: There is no i in font nullfont!
Missing character: There is no n in font nullfont!
! Missing $ inserted.
<inserted text> 
                $
l.40 ...95251896c2dd7aab2a0545}{Write\+Vtk\+File}}
                                                   (int nnode\+\_\+elem, int...
I've inserted a begin-math/end-math symbol since I think
you left one out. Proceed, with fingers crossed.

! Extra }, or forgotten $.
<argument> ...p_a665c380bef95251896c2dd7aab2a0545}
                                                  {Write\+Vtk\+File}
l.40 ...95251896c2dd7aab2a0545}{Write\+Vtk\+File}}
                                                   (int nnode\+\_\+elem, int...
I've deleted a group-closing symbol because it seems to be
spurious, as in `$x}$'. But perhaps the } is legitimate and
you forgot something else, as in `\hbox{$x}'. In such cases
the way to recover is to insert both the forgotten and the
deleted material, e.g., by typing `I$}'.

! Undefined control sequence.
<argument> ...80bef95251896c2dd7aab2a0545}{Write\+
                                                  Vtk\+File}
l.40 ...95251896c2dd7aab2a0545}{Write\+Vtk\+File}}
                                                   (int nnode\+\_\+elem, int...
The control sequence at the end of the top line
of your error message was never \def'ed. If you have
misspelled it (e.g., `\hobx'), type `I' and the correct
spelling (e.g., `I\hbox'). Otherwise just continue,
and I'll forget about whatever was undefined.

! Undefined control sequence.
<argument> ...95251896c2dd7aab2a0545}{Write\+Vtk\+
                                                  File}
l.40 ...95251896c2dd7aab2a0545}{Write\+Vtk\+File}}
                                                   (int nnode\+\_\+elem, int...
The control sequence at the end of the top line
of your error message was never \def'ed. If you have
misspelled it (e.g., `\hobx'), type `I' and the correct
spelling (e.g., `I\hbox'). Otherwise just continue,
and I'll forget about whatever was undefined.

! Extra }, or forgotten $.
\mbox #1->\leavevmode \hbox {#1}
                                
l.40 ...95251896c2dd7aab2a0545}{Write\+Vtk\+File}}
                                                   (int nnode\+\_\+elem, int...
I've deleted a group-closing symbol because it seems to be
spurious, as in `$x}$'. But perhaps the } is legitimate and
you forgot something else, as in `\hbox{$x}'. In such cases
the way to recover is to insert both the forgotten and the
deleted material, e.g., by typing `I$}'.

! Undefined control sequence.
l.40 ...aab2a0545}{Write\+Vtk\+File}} (int nnode\+
                                                  \_\+elem, int nnode, int n...
The control sequence at the end of the top line
of your error message was never \def'ed. If you have
misspelled it (e.g., `\hobx'), type `I' and the correct
spelling (e.g., `I\hbox'). Otherwise just continue,
and I'll forget about whatever was undefined.

! Undefined control sequence.
l.40 ...a0545}{Write\+Vtk\+File}} (int nnode\+\_\+
                                                  elem, int nnode, int nelem...
The control sequence at the end of the top line
of your error message was never \def'ed. If you have
misspelled it (e.g., `\hobx'), type `I' and the correct
spelling (e.g., `I\hbox'). Otherwise just continue,
and I'll forget about whatever was undefined.

! Missing $ inserted.
<inserted text> 
                $
l.40 ...\+elem, int nnode, int nelem, double $\ast
                                                  $Coord, int $\ast$Elem\+No...
I've inserted a begin-math/end-math symbol since I think
you left one out. Proceed, with fingers crossed.

Missing character: There is no C in font nullfont!
Missing character: There is no o in font nullfont!
Missing character: There is no o in font nullfont!
Missing character: There is no r in font nullfont!
Missing character: There is no d in font nullfont!
Missing character: There is no , in font nullfont!
Missing character: There is no i in font nullfont!
Missing character: There is no n in font nullfont!
Missing character: There is no t in font nullfont!
Missing character: There is no E in font nullfont!
Missing character: There is no l in font nullfont!
Missing character: There is no e in font nullfont!
Missing character: There is no m in font nullfont!
! Undefined control sequence.
l.40 ...elem, double $\ast$Coord, int $\ast$Elem\+
                                                  Node, double $\ast$T)
The control sequence at the end of the top line
of your error message was never \def'ed. If you have
misspelled it (e.g., `\hobx'), type `I' and the correct
spelling (e.g., `I\hbox'). Otherwise just continue,
and I'll forget about whatever was undefined.

Missing character: There is no N in font nullfont!
Missing character: There is no o in font nullfont!
Missing character: There is no d in font nullfont!
Missing character: There is no e in font nullfont!
Missing character: There is no , in font nullfont!
Missing character: There is no d in font nullfont!
Missing character: There is no o in font nullfont!
Missing character: There is no u in font nullfont!
Missing character: There is no b in font nullfont!
Missing character: There is no l in font nullfont!
Missing character: There is no e in font nullfont!
Missing character: There is no T in font nullfont!
Missing character: There is no ) in font nullfont!

! LaTeX Error: Environment DoxyCompactList undefined.

See the LaTeX manual or LaTeX Companion for explanation.
Type  H <return>  for immediate help.
 ...                                              
                                                  
l.41 \begin{DoxyCompactList}
                            \small\item\em Creates a V\+TK file of the solut...

Your command was ignored.
Type  I <command> <return>  to replace it with another command,
or  <return>  to continue without it.

! Undefined control sequence.
l.41 \begin{DoxyCompactList}\small
                                  \item\em Creates a V\+TK file of the solut...
The control sequence at the end of the top line
of your error message was never \def'ed. If you have
misspelled it (e.g., `\hobx'), type `I' and the correct
spelling (e.g., `I\hbox'). Otherwise just continue,
and I'll forget about whatever was undefined.


! LaTeX Error: Something's wrong--perhaps a missing \item.

See the LaTeX manual or LaTeX Companion for explanation.
Type  H <return>  for immediate help.
 ...                                              
                                                  
l.41 \begin{DoxyCompactList}\small\item\em
                                           Creates a V\+TK file of the solut...

Try typing  <return>  to proceed.
If that doesn't work, type  X <return>  to quit.


! LaTeX Error: Something's wrong--perhaps a missing \item.

See the LaTeX manual or LaTeX Companion for explanation.
Type  H <return>  for immediate help.
 ...                                              
                                                  
l.41 \begin{DoxyCompactList}\small\item\em
                                           Creates a V\+TK file of the solut...

Try typing  <return>  to proceed.
If that doesn't work, type  X <return>  to quit.


! LaTeX Error: Lonely \item--perhaps a missing list environment.

See the LaTeX manual or LaTeX Companion for explanation.
Type  H <return>  for immediate help.
 ...                                              
                                                  
l.41 \begin{DoxyCompactList}\small\item\em
                                           Creates a V\+TK file of the solut...

Try typing  <return>  to proceed.
If that doesn't work, type  X <return>  to quit.

! Undefined control sequence.
l.41 ...xyCompactList}\small\item\em Creates a V\+
                                                  TK file of the solutions. ...
The control sequence at the end of the top line
of your error message was never \def'ed. If you have
misspelled it (e.g., `\hobx'), type `I' and the correct
spelling (e.g., `I\hbox'). Otherwise just continue,
and I'll forget about whatever was undefined.


! LaTeX Error: \begin{document} ended by \end{DoxyCompactList}.

See the LaTeX manual or LaTeX Companion for explanation.
Type  H <return>  for immediate help.
 ...                                              
                                                  
l.41 ...le of the solutions. \end{DoxyCompactList}
                                                  \item
Your command was ignored.
Type  I <command> <return>  to replace it with another command,
or  <return>  to continue without it.


! LaTeX Error: Something's wrong--perhaps a missing \item.

See the LaTeX manual or LaTeX Companion for explanation.
Type  H <return>  for immediate help.
 ...                                              
                                                  
l.42 i
      nt \mbox{\hyperlink{main_8cpp_a0ddf1224851353fc92bfbff6f499fa97}{main}...

Try typing  <return>  to proceed.
If that doesn't work, type  X <return>  to quit.


! LaTeX Error: Something's wrong--perhaps a missing \item.

See the LaTeX manual or LaTeX Companion for explanation.
Type  H <return>  for immediate help.
 ...                                              
                                                  
l.42 i
      nt \mbox{\hyperlink{main_8cpp_a0ddf1224851353fc92bfbff6f499fa97}{main}...

Try typing  <return>  to proceed.
If that doesn't work, type  X <return>  to quit.


! LaTeX Error: Lonely \item--perhaps a missing list environment.

See the LaTeX manual or LaTeX Companion for explanation.
Type  H <return>  for immediate help.
 ...                                              
                                                  
l.42 i
      nt \mbox{\hyperlink{main_8cpp_a0ddf1224851353fc92bfbff6f499fa97}{main}...

Try typing  <return>  to proceed.
If that doesn't work, type  X <return>  to quit.

Missing character: There is no i in font nullfont!
Missing character: There is no n in font nullfont!
Missing character: There is no t in font nullfont!
! Undefined control sequence.
<argument> \hyperlink 
                      {main_8cpp_a0ddf1224851353fc92bfbff6f499fa97}{main}
l.42 ..._a0ddf1224851353fc92bfbff6f499fa97}{main}}
                                                   (int argc, char $\ast$arg...
The control sequence at the end of the top line
of your error message was never \def'ed. If you have
misspelled it (e.g., `\hobx'), type `I' and the correct
spelling (e.g., `I\hbox'). Otherwise just continue,
and I'll forget about whatever was undefined.

Missing character: There is no m in font nullfont!
Missing character: There is no a in font nullfont!
Missing character: There is no i in font nullfont!
Missing character: There is no n in font nullfont!
! Missing $ inserted.
<inserted text> 
                $
l.42 ..._a0ddf1224851353fc92bfbff6f499fa97}{main}}
                                                   (int argc, char $\ast$arg...
I've inserted a begin-math/end-math symbol since I think
you left one out. Proceed, with fingers crossed.

! Extra }, or forgotten $.
<argument> ...p_a0ddf1224851353fc92bfbff6f499fa97}
                                                  {main}
l.42 ..._a0ddf1224851353fc92bfbff6f499fa97}{main}}
                                                   (int argc, char $\ast$arg...
I've deleted a group-closing symbol because it seems to be
spurious, as in `$x}$'. But perhaps the } is legitimate and
you forgot something else, as in `\hbox{$x}'. In such cases
the way to recover is to insert both the forgotten and the
deleted material, e.g., by typing `I$}'.

! Extra }, or forgotten $.
\mbox #1->\leavevmode \hbox {#1}
                                
l.42 ..._a0ddf1224851353fc92bfbff6f499fa97}{main}}
                                                   (int argc, char $\ast$arg...
(That makes 100 errors; please try again.) 
Here is how much of TeX's memory you used:
 18 strings out of 493014
 305 string characters out of 6133370
 56643 words of memory out of 5000000
 3660 multiletter control sequences out of 15000+600000
 4154 words of font info for 16 fonts, out of 8000000 for 9000
 1141 hyphenation exceptions out of 8191
 18i,14n,12p,304b,227s stack positions out of 5000i,500n,10000p,200000b,80000s

No pages of output.
